2023-07-20T04:12:58+00:00 CRITICAL Uncaught Error: Using $this when not in object context in D:\xampp\htdocs\woocommerce\wp-content\plugins\theme-generator\views\admin.php:13
Stack trace:
#0 D:\xampp\htdocs\woocommerce\wp-content\plugins\theme-generator\theme-generator.php(40): require_once()
#1 D:\xampp\htdocs\woocommerce\wp-includes\class-wp-hook.php(308): tg_admin('')
#2 D:\xampp\htdocs\woocommerce\wp-includes\class-wp-hook.php(332): WP_Hook->apply_filters('', Array)
#3 D:\xampp\htdocs\woocommerce\wp-includes\plugin.php(517): WP_Hook->do_action(Array)
#4 D:\xampp\htdocs\woocommerce\wp-admin\admin.php(259): do_action('toplevel_page_t...')
#5 {main}
  thrown en D:\xampp\htdocs\woocommerce\wp-content\plugins\theme-generator\views\admin.php en la línea 13

2023-07-20T04:15:25+00:00 CRITICAL Uncaught Error: Using $this when not in object context in D:\xampp\htdocs\woocommerce\wp-content\plugins\theme-generator\views\admin.php:3
Stack trace:
#0 D:\xampp\htdocs\woocommerce\wp-content\plugins\theme-generator\theme-generator.php(40): require_once()
#1 D:\xampp\htdocs\woocommerce\wp-includes\class-wp-hook.php(308): tg_admin('')
#2 D:\xampp\htdocs\woocommerce\wp-includes\class-wp-hook.php(332): WP_Hook->apply_filters('', Array)
#3 D:\xampp\htdocs\woocommerce\wp-includes\plugin.php(517): WP_Hook->do_action(Array)
#4 D:\xampp\htdocs\woocommerce\wp-admin\admin.php(259): do_action('toplevel_page_t...')
#5 {main}
  thrown en D:\xampp\htdocs\woocommerce\wp-content\plugins\theme-generator\views\admin.php en la línea 3

2023-07-20T04:25:18+00:00 CRITICAL Uncaught Error: Using $this when not in object context in D:\xampp\htdocs\woocommerce\wp-content\plugins\theme-generator\views\admin.php:3
Stack trace:
#0 D:\xampp\htdocs\woocommerce\wp-content\plugins\theme-generator\theme-generator.php(41): require_once()
#1 D:\xampp\htdocs\woocommerce\wp-includes\class-wp-hook.php(308): tg_admin('')
#2 D:\xampp\htdocs\woocommerce\wp-includes\class-wp-hook.php(332): WP_Hook->apply_filters('', Array)
#3 D:\xampp\htdocs\woocommerce\wp-includes\plugin.php(517): WP_Hook->do_action(Array)
#4 D:\xampp\htdocs\woocommerce\wp-admin\admin.php(259): do_action('toplevel_page_t...')
#5 {main}
  thrown en D:\xampp\htdocs\woocommerce\wp-content\plugins\theme-generator\views\admin.php en la línea 3

